This is pdfTeX, Version 3.141592653-2.6-1.40.29 (MiKTeX 26.5) (preloaded format=pdflatex 2026.6.10)  15 JUN 2026 07:18
entering extended mode
 restricted \write18 enabled.
 %&-line parsing enabled.
**./main.tex
(main.tex
LaTeX2e <2026-06-01>
L3 programming layer <2026-05-26>
(D:\MikTex\tex/latex/base\article.cls
Document Class: article 2025/01/22 v1.4n Standard LaTeX document class
(D:\MikTex\tex/latex/base\size12.clo
File: size12.clo 2025/01/22 v1.4n Standard LaTeX file (size option)
)
\c@part=\count276
\c@section=\count277
\c@subsection=\count278
\c@subsubsection=\count279
\c@paragraph=\count280
\c@subparagraph=\count281
\c@figure=\count282
\c@table=\count283
\abovecaptionskip=\skip49
\belowcaptionskip=\skip50
\bibindent=\dimen150
)
(D:\MikTex\tex/latex/geometry\geometry.sty
Package: geometry 2026/03/07 v6.0 Page Geometry

(D:\MikTex\tex/latex/graphics\keyval.sty
Package: keyval 2026-05-17 v1.15 key=value parser (DPC)
\KV@toks@=\toks17
)
(D:\MikTex\tex/generic/iftex\ifvtex.sty
Package: ifvtex 2019/10/25 v1.7 ifvtex legacy package. Use iftex instead.
 (D:\MikTex\tex/generic/iftex\iftex.sty
Package: iftex 2024/12/12 v1.0g TeX engine tests
))
\Gm@cnth=\count284
\Gm@cntv=\count285
\c@Gm@tempcnt=\count286
\Gm@bindingoffset=\dimen151
\Gm@wd@mp=\dimen152
\Gm@odd@mp=\dimen153
\Gm@even@mp=\dimen154
\Gm@layoutwidth=\dimen155
\Gm@layoutheight=\dimen156
\Gm@layouthoffset=\dimen157
\Gm@layoutvoffset=\dimen158
\Gm@dimlist=\toks18
 (D:\MikTex\tex/latex/geometry\geometry.cfg))
(D:\MikTex\tex/generic/babel\babel.sty
Package: babel 2026/05/20 v26.8 The multilingual framework for LuaLaTeX, pdfLaT
eX and XeLaTeX
\babel@savecnt=\count287
LaTeX Encoding Info:    Redeclaring text command \ij (encoding OT1) on input li
ne 2084.
LaTeX Encoding Info:    Redeclaring text command \IJ (encoding OT1) on input li
ne 2086.
LaTeX Encoding Info:    Redeclaring text command \ij (encoding T1) on input lin
e 2088.
LaTeX Encoding Info:    Redeclaring text command \IJ (encoding T1) on input lin
e 2089.
LaTeX Encoding Info:    Ignoring declaration for text command \ij (encoding ?) 
on input line 2090.
LaTeX Encoding Info:    Ignoring declaration for text command \IJ (encoding ?) 
on input line 2092.
LaTeX Encoding Info:    Ignoring declaration for text command \SS (encoding ?) 
on input line 2117.
\U@D=\dimen159
\l@unhyphenated=\language79

(D:\MikTex\tex/generic/babel\txtbabel.def)
\bbl@readstream=\read2
\bbl@dirlevel=\count288
Package babel Info: Configuration files are deprecated, as
(babel)             they can break document portability.
(babel)             Reported on input line 4228.

*************************************
* Local config file bblopts.cfg used
*
(D:\MikTex\tex/latex/arabi\bblopts.cfg
File: bblopts.cfg 2005/09/08 v0.1 add Arabic and Farsi to "declared" options of
 babel
)
(D:\MikTex\tex/generic/babel/locale/invalid\babel-bahasa.tex)

Package babel Warning: Name 'bahasa' is deprecated.
(babel)                Use 'indonesian' instead.
(babel)                Reported on input line 4356.

Package babel Info: Importing font and identification data for bahasa
(babel)             from babel-id.ini. Reported on input line 4356.
(D:\MikTex\tex/latex/babel-indonesian\indonesian.ldf
Language: indonesian 2025/06/01 v1.0n Bahasa Indonesia support from the babel s
ystem
))
(D:\MikTex\tex/latex/base\inputenc.sty
Package: inputenc 2024/02/08 v1.3d Input encoding file
\inpenc@prehook=\toks19
\inpenc@posthook=\toks20
)
(D:\MikTex\tex/latex/amsmath\amsmath.sty
Package: amsmath 2026/05/19 v2.18d AMS math features
\@mathmargin=\skip51

For additional information on amsmath, use the `?' option.
(D:\MikTex\tex/latex/amsmath\amstext.sty
Package: amstext 2024/11/17 v2.01 AMS text

(D:\MikTex\tex/latex/amsmath\amsgen.sty
File: amsgen.sty 1999/11/30 v2.0 generic functions
\@emptytoks=\toks21
\ex@=\dimen160
))
(D:\MikTex\tex/latex/amsmath\amsbsy.sty
Package: amsbsy 1999/11/29 v1.2d Bold Symbols
\pmbraise@=\dimen161
)
(D:\MikTex\tex/latex/amsmath\amsopn.sty
Package: amsopn 2022/04/08 v2.04 operator names
)
\inf@bad=\count289
LaTeX Info: Redefining \frac on input line 233.
\uproot@=\count290
\leftroot@=\count291
LaTeX Info: Redefining \overline on input line 398.
LaTeX Info: Redefining \colon on input line 409.
\classnum@=\count292
\DOTSCASE@=\count293
LaTeX Info: Redefining \ldots on input line 495.
LaTeX Info: Redefining \dots on input line 498.
LaTeX Info: Redefining \cdots on input line 619.
\Mathstrutbox@=\box53
\strutbox@=\box54
LaTeX Info: Redefining \big on input line 721.
LaTeX Info: Redefining \Big on input line 722.
LaTeX Info: Redefining \bigg on input line 723.
LaTeX Info: Redefining \Bigg on input line 724.
\big@size=\dimen162
LaTeX Font Info:    Redeclaring font encoding OML on input line 742.
LaTeX Font Info:    Redeclaring font encoding OMS on input line 743.
\macc@depth=\count294
LaTeX Info: Redefining \bmod on input line 904.
LaTeX Info: Redefining \pmod on input line 909.
LaTeX Info: Redefining \smash on input line 939.
LaTeX Info: Redefining \relbar on input line 969.
LaTeX Info: Redefining \Relbar on input line 970.
\c@MaxMatrixCols=\count295
\dotsspace@=\muskip17
\c@parentequation=\count296
\dspbrk@lvl=\count297
\tag@help=\toks22
\row@=\count298
\column@=\count299
\maxfields@=\count300
\andhelp@=\toks23
\eqnshift@=\dimen163
\alignsep@=\dimen164
\tagshift@=\dimen165
\tagwidth@=\dimen166
\totwidth@=\dimen167
\lineht@=\dimen168
\@envbody=\toks24
\multlinegap=\skip52
\multlinetaggap=\skip53
\mathdisplay@stack=\toks25
LaTeX Info: Redefining \[ on input line 2965.
LaTeX Info: Redefining \] on input line 2966.
)
(D:\MikTex\tex/latex/amsfonts\amssymb.sty
Package: amssymb 2013/01/14 v3.01 AMS font symbols

(D:\MikTex\tex/latex/amsfonts\amsfonts.sty
Package: amsfonts 2013/01/14 v3.01 Basic AMSFonts support
\symAMSa=\mathgroup4
\symAMSb=\mathgroup5
LaTeX Font Info:    Redeclaring math symbol \hbar on input line 98.
LaTeX Font Info:    Overwriting math alphabet `\mathfrak' in version `bold'
(Font)                  U/euf/m/n --> U/euf/b/n on input line 106.
))
(D:\MikTex\tex/latex/graphics\lscape.sty
Package: lscape 2020/05/28 v3.02 Landscape Pages (DPC)

(D:\MikTex\tex/latex/graphics\graphics.sty
Package: graphics 2026-05-17 v1.4h Standard LaTeX Graphics (DPC,SPQR)

(D:\MikTex\tex/latex/graphics\trig.sty
Package: trig 2023/12/02 v1.11 sin cos tan (DPC)
)
(D:\MikTex\tex/latex/graphics-cfg\graphics.cfg
File: graphics.cfg 2016/06/04 v1.11 sample graphics configuration
)
Package graphics Info: Driver file: pdftex.def on input line 106.

(D:\MikTex\tex/latex/graphics-def\pdftex.def
File: pdftex.def 2025/09/29 v1.2d Graphics/color driver for pdftex
)))
(D:\MikTex\tex/latex/todonotes\todonotes.sty
Package: todonotes 2024/01/05 v1.1.7 Todonotes source and documentation.
Package: todonotes 2024/01/05

(D:\MikTex\tex/latex/base\ifthen.sty
Package: ifthen 2024/03/16 v1.1e Standard LaTeX ifthen package (DPC)
) (D:\MikTex\tex/latex/xkeyval\xkeyval.sty
Package: xkeyval 2022/06/16 v2.9 package option processing (HA)

(D:\MikTex\tex/generic/xkeyval\xkeyval.tex
(D:\MikTex\tex/generic/xkeyval\xkvutils.tex
\XKV@toks=\toks26
\XKV@tempa@toks=\toks27
)
\XKV@depth=\count301
File: xkeyval.tex 2014/12/03 v2.7a key=value parser (HA)
))
(D:\MikTex\tex/latex/xcolor\xcolor.sty
Package: xcolor 2024/09/29 v3.02 LaTeX color extensions (UK)

(D:\MikTex\tex/latex/graphics-cfg\color.cfg
File: color.cfg 2016/01/02 v1.6 sample color configuration
)
Package xcolor Info: Driver file: pdftex.def on input line 274.

(D:\MikTex\tex/latex/graphics\mathcolor.ltx)
Package xcolor Info: Model `cmy' substituted by `cmy0' on input line 1349.
Package xcolor Info: Model `hsb' substituted by `rgb' on input line 1353.
Package xcolor Info: Model `RGB' extended on input line 1365.
Package xcolor Info: Model `HTML' substituted by `rgb' on input line 1367.
Package xcolor Info: Model `Hsb' substituted by `hsb' on input line 1368.
Package xcolor Info: Model `tHsb' substituted by `hsb' on input line 1369.
Package xcolor Info: Model `HSB' substituted by `hsb' on input line 1370.
Package xcolor Info: Model `Gray' substituted by `gray' on input line 1371.
Package xcolor Info: Model `wave' substituted by `hsb' on input line 1372.
)
(D:\MikTex\tex/latex/pgf/frontendlayer\tikz.sty
(D:\MikTex\tex/latex/pgf/basiclayer\pgf.sty
(D:\MikTex\tex/latex/pgf/utilities\pgfrcs.sty
(D:\MikTex\tex/generic/pgf/utilities\pgfutil-common.tex
\pgfutil@everybye=\toks28
\pgfutil@tempdima=\dimen169
\pgfutil@tempdimb=\dimen170
)
(D:\MikTex\tex/generic/pgf/utilities\pgfutil-latex.def
\pgfutil@abb=\box55
)
(D:\MikTex\tex/generic/pgf/utilities\pgfrcs.code.tex
(D:\MikTex\tex/generic/pgf\pgf.revision.tex)
Package: pgfrcs 2025-08-29 v3.1.11a (3.1.11a)
))
Package: pgf 2025-08-29 v3.1.11a (3.1.11a)

(D:\MikTex\tex/latex/pgf/basiclayer\pgfcore.sty
(D:\MikTex\tex/latex/graphics\graphicx.sty
Package: graphicx 2026-05-17 v1.2e Enhanced LaTeX Graphics (DPC,SPQR)
\Gin@req@height=\dimen171
\Gin@req@width=\dimen172
)
(D:\MikTex\tex/latex/pgf/systemlayer\pgfsys.sty
(D:\MikTex\tex/generic/pgf/systemlayer\pgfsys.code.tex
Package: pgfsys 2025-08-29 v3.1.11a (3.1.11a)

(D:\MikTex\tex/generic/pgf/utilities\pgfkeys.code.tex
\pgfkeys@pathtoks=\toks29
\pgfkeys@temptoks=\toks30

(D:\MikTex\tex/generic/pgf/utilities\pgfkeyslibraryfiltered.code.tex
\pgfkeys@tmptoks=\toks31
))
\pgf@x=\dimen173
\pgf@y=\dimen174
\pgf@xa=\dimen175
\pgf@ya=\dimen176
\pgf@xb=\dimen177
\pgf@yb=\dimen178
\pgf@xc=\dimen179
\pgf@yc=\dimen180
\pgf@xd=\dimen181
\pgf@yd=\dimen182
\w@pgf@writea=\write3
\r@pgf@reada=\read3
\c@pgf@counta=\count302
\c@pgf@countb=\count303
\c@pgf@countc=\count304
\c@pgf@countd=\count305
\t@pgf@toka=\toks32
\t@pgf@tokb=\toks33
\t@pgf@tokc=\toks34
\pgf@sys@id@count=\count306

(D:\MikTex\tex/generic/pgf/systemlayer\pgf.cfg
File: pgf.cfg 2025-08-29 v3.1.11a (3.1.11a)
)
Driver file for pgf: pgfsys-pdftex.def

(D:\MikTex\tex/generic/pgf/systemlayer\pgfsys-pdftex.def
File: pgfsys-pdftex.def 2025-08-29 v3.1.11a (3.1.11a)

(D:\MikTex\tex/generic/pgf/systemlayer\pgfsys-common-pdf.def
File: pgfsys-common-pdf.def 2025-08-29 v3.1.11a (3.1.11a)
)))
(D:\MikTex\tex/generic/pgf/systemlayer\pgfsyssoftpath.code.tex
File: pgfsyssoftpath.code.tex 2025-08-29 v3.1.11a (3.1.11a)
\pgfsyssoftpath@smallbuffer@items=\count307
\pgfsyssoftpath@bigbuffer@items=\count308
)
(D:\MikTex\tex/generic/pgf/systemlayer\pgfsysprotocol.code.tex
File: pgfsysprotocol.code.tex 2025-08-29 v3.1.11a (3.1.11a)
))
(D:\MikTex\tex/generic/pgf/basiclayer\pgfcore.code.tex
Package: pgfcore 2025-08-29 v3.1.11a (3.1.11a)

(D:\MikTex\tex/generic/pgf/math\pgfmath.code.tex
(D:\MikTex\tex/generic/pgf/math\pgfmathutil.code.tex)
(D:\MikTex\tex/generic/pgf/math\pgfmathparser.code.tex
\pgfmath@dimen=\dimen183
\pgfmath@count=\count309
\pgfmath@box=\box56
\pgfmath@toks=\toks35
\pgfmath@stack@operand=\toks36
\pgfmath@stack@operation=\toks37
)
(D:\MikTex\tex/generic/pgf/math\pgfmathfunctions.code.tex)
(D:\MikTex\tex/generic/pgf/math\pgfmathfunctions.basic.code.tex)
(D:\MikTex\tex/generic/pgf/math\pgfmathfunctions.trigonometric.code.tex)
(D:\MikTex\tex/generic/pgf/math\pgfmathfunctions.random.code.tex)
(D:\MikTex\tex/generic/pgf/math\pgfmathfunctions.comparison.code.tex)
(D:\MikTex\tex/generic/pgf/math\pgfmathfunctions.base.code.tex)
(D:\MikTex\tex/generic/pgf/math\pgfmathfunctions.round.code.tex)
(D:\MikTex\tex/generic/pgf/math\pgfmathfunctions.misc.code.tex)
(D:\MikTex\tex/generic/pgf/math\pgfmathfunctions.integerarithmetics.code.tex)
(D:\MikTex\tex/generic/pgf/math\pgfmathcalc.code.tex)
(D:\MikTex\tex/generic/pgf/math\pgfmathfloat.code.tex
\c@pgfmathroundto@lastzeros=\count310
))
(D:\MikTex\tex/generic/pgf/math\pgfint.code.tex)
(D:\MikTex\tex/generic/pgf/basiclayer\pgfcorepoints.code.tex
File: pgfcorepoints.code.tex 2025-08-29 v3.1.11a (3.1.11a)
\pgf@picminx=\dimen184
\pgf@picmaxx=\dimen185
\pgf@picminy=\dimen186
\pgf@picmaxy=\dimen187
\pgf@pathminx=\dimen188
\pgf@pathmaxx=\dimen189
\pgf@pathminy=\dimen190
\pgf@pathmaxy=\dimen191
\pgf@xx=\dimen192
\pgf@xy=\dimen193
\pgf@yx=\dimen194
\pgf@yy=\dimen195
\pgf@zx=\dimen196
\pgf@zy=\dimen197
)
(D:\MikTex\tex/generic/pgf/basiclayer\pgfcorepathconstruct.code.tex
File: pgfcorepathconstruct.code.tex 2025-08-29 v3.1.11a (3.1.11a)
\pgf@path@lastx=\dimen198
\pgf@path@lasty=\dimen199
)
(D:\MikTex\tex/generic/pgf/basiclayer\pgfcorepathusage.code.tex
File: pgfcorepathusage.code.tex 2025-08-29 v3.1.11a (3.1.11a)
\pgf@shorten@end@additional=\dimen256
\pgf@shorten@start@additional=\dimen257
)
(D:\MikTex\tex/generic/pgf/basiclayer\pgfcorescopes.code.tex
File: pgfcorescopes.code.tex 2025-08-29 v3.1.11a (3.1.11a)
\pgfpic=\box57
\pgf@hbox=\box58
\pgf@layerbox@main=\box59
\pgf@picture@serial@count=\count311
)
(D:\MikTex\tex/generic/pgf/basiclayer\pgfcoregraphicstate.code.tex
File: pgfcoregraphicstate.code.tex 2025-08-29 v3.1.11a (3.1.11a)
\pgflinewidth=\dimen258
)
(D:\MikTex\tex/generic/pgf/basiclayer\pgfcoretransformations.code.tex
File: pgfcoretransformations.code.tex 2025-08-29 v3.1.11a (3.1.11a)
\pgf@pt@x=\dimen259
\pgf@pt@y=\dimen260
\pgf@pt@temp=\dimen261
)
(D:\MikTex\tex/generic/pgf/basiclayer\pgfcorequick.code.tex
File: pgfcorequick.code.tex 2025-08-29 v3.1.11a (3.1.11a)
)
(D:\MikTex\tex/generic/pgf/basiclayer\pgfcoreobjects.code.tex
File: pgfcoreobjects.code.tex 2025-08-29 v3.1.11a (3.1.11a)
)
(D:\MikTex\tex/generic/pgf/basiclayer\pgfcorepathprocessing.code.tex
File: pgfcorepathprocessing.code.tex 2025-08-29 v3.1.11a (3.1.11a)
)
(D:\MikTex\tex/generic/pgf/basiclayer\pgfcorearrows.code.tex
File: pgfcorearrows.code.tex 2025-08-29 v3.1.11a (3.1.11a)
\pgfarrowsep=\dimen262
)
(D:\MikTex\tex/generic/pgf/basiclayer\pgfcoreshade.code.tex
File: pgfcoreshade.code.tex 2025-08-29 v3.1.11a (3.1.11a)
\pgf@max=\dimen263
\pgf@sys@shading@range@num=\count312
\pgf@shadingcount=\count313
)
(D:\MikTex\tex/generic/pgf/basiclayer\pgfcoreimage.code.tex
File: pgfcoreimage.code.tex 2025-08-29 v3.1.11a (3.1.11a)
)
(D:\MikTex\tex/generic/pgf/basiclayer\pgfcoreexternal.code.tex
File: pgfcoreexternal.code.tex 2025-08-29 v3.1.11a (3.1.11a)
\pgfexternal@startupbox=\box60
)
(D:\MikTex\tex/generic/pgf/basiclayer\pgfcorelayers.code.tex
File: pgfcorelayers.code.tex 2025-08-29 v3.1.11a (3.1.11a)
)
(D:\MikTex\tex/generic/pgf/basiclayer\pgfcoretransparency.code.tex
File: pgfcoretransparency.code.tex 2025-08-29 v3.1.11a (3.1.11a)
)
(D:\MikTex\tex/generic/pgf/basiclayer\pgfcorepatterns.code.tex
File: pgfcorepatterns.code.tex 2025-08-29 v3.1.11a (3.1.11a)
)
(D:\MikTex\tex/generic/pgf/basiclayer\pgfcorerdf.code.tex
File: pgfcorerdf.code.tex 2025-08-29 v3.1.11a (3.1.11a)
)))
(D:\MikTex\tex/generic/pgf/modules\pgfmoduleshapes.code.tex
File: pgfmoduleshapes.code.tex 2025-08-29 v3.1.11a (3.1.11a)
\pgfnodeparttextbox=\box61
)
(D:\MikTex\tex/generic/pgf/modules\pgfmoduleplot.code.tex
File: pgfmoduleplot.code.tex 2025-08-29 v3.1.11a (3.1.11a)
)
(D:\MikTex\tex/latex/pgf/compatibility\pgfcomp-version-0-65.sty
Package: pgfcomp-version-0-65 2025-08-29 v3.1.11a (3.1.11a)
\pgf@nodesepstart=\dimen264
\pgf@nodesepend=\dimen265
)
(D:\MikTex\tex/latex/pgf/compatibility\pgfcomp-version-1-18.sty
Package: pgfcomp-version-1-18 2025-08-29 v3.1.11a (3.1.11a)
))
(D:\MikTex\tex/latex/pgf/utilities\pgffor.sty
(D:\MikTex\tex/latex/pgf/utilities\pgfkeys.sty
(D:\MikTex\tex/generic/pgf/utilities\pgfkeys.code.tex))
(D:\MikTex\tex/latex/pgf/math\pgfmath.sty
(D:\MikTex\tex/generic/pgf/math\pgfmath.code.tex))
(D:\MikTex\tex/generic/pgf/utilities\pgffor.code.tex
Package: pgffor 2025-08-29 v3.1.11a (3.1.11a)
\pgffor@iter=\dimen266
\pgffor@skip=\dimen267
\pgffor@stack=\toks38
\pgffor@toks=\toks39
))
(D:\MikTex\tex/generic/pgf/frontendlayer/tikz\tikz.code.tex
Package: tikz 2025-08-29 v3.1.11a (3.1.11a)

(D:\MikTex\tex/generic/pgf/libraries\pgflibraryplothandlers.code.tex
File: pgflibraryplothandlers.code.tex 2025-08-29 v3.1.11a (3.1.11a)
\pgf@plot@mark@count=\count314
\pgfplotmarksize=\dimen268
)
\tikz@lastx=\dimen269
\tikz@lasty=\dimen270
\tikz@lastxsaved=\dimen271
\tikz@lastysaved=\dimen272
\tikz@lastmovetox=\dimen273
\tikz@lastmovetoy=\dimen274
\tikzleveldistance=\dimen275
\tikzsiblingdistance=\dimen276
\tikz@figbox=\box62
\tikz@figbox@bg=\box63
\tikz@tempbox=\box64
\tikz@tempbox@bg=\box65
\tikztreelevel=\count315
\tikznumberofchildren=\count316
\tikznumberofcurrentchild=\count317
\tikz@fig@count=\count318

(D:\MikTex\tex/generic/pgf/modules\pgfmodulematrix.code.tex
File: pgfmodulematrix.code.tex 2025-08-29 v3.1.11a (3.1.11a)
\pgfmatrixcurrentrow=\count319
\pgfmatrixcurrentcolumn=\count320
\pgf@matrix@numberofcolumns=\count321
)
\tikz@expandcount=\count322

(D:\MikTex\tex/generic/pgf/frontendlayer/tikz/libraries\tikzlibrarytopaths.code
.tex
File: tikzlibrarytopaths.code.tex 2025-08-29 v3.1.11a (3.1.11a)
)))
(D:\MikTex\tex/generic/pgf/frontendlayer/tikz/libraries\tikzlibrarypositioning.
code.tex
File: tikzlibrarypositioning.code.tex 2025-08-29 v3.1.11a (3.1.11a)
) (D:\MikTex\tex/latex/tools\calc.sty
Package: calc 2025/03/01 v4.3b Infix arithmetic (KKT,FJ)
\calc@Acount=\count323
\calc@Bcount=\count324
\calc@Adimen=\dimen277
\calc@Bdimen=\dimen278
\calc@Askip=\skip54
\calc@Bskip=\skip55
LaTeX Info: Redefining \setlength on input line 86.
LaTeX Info: Redefining \addtolength on input line 87.
\calc@Ccount=\count325
\calc@Cskip=\skip56
)
\c@@todonotes@numberoftodonotes=\count326
)
(D:\MikTex\tex/latex/fancyhdr\fancyhdr.sty
Package: fancyhdr 2025/02/07 v5.2 Extensive control of page headers and footers

\f@nch@headwidth=\skip57
\f@nch@offset@elh=\skip58
\f@nch@offset@erh=\skip59
\f@nch@offset@olh=\skip60
\f@nch@offset@orh=\skip61
\f@nch@offset@elf=\skip62
\f@nch@offset@erf=\skip63
\f@nch@offset@olf=\skip64
\f@nch@offset@orf=\skip65
\f@nch@height=\skip66
\f@nch@footalignment=\skip67
\f@nch@widthL=\skip68
\f@nch@widthC=\skip69
\f@nch@widthR=\skip70
\@temptokenb=\toks40
)
(D:\MikTex\tex/latex/hyperref\hyperref.sty
Package: hyperref 2026-04-24 v7.01q Hypertext links for LaTeX

(D:\MikTex\tex/latex/kvsetkeys\kvsetkeys.sty
Package: kvsetkeys 2022-10-05 v1.19 Key value parser (HO)
)
(D:\MikTex\tex/generic/kvdefinekeys\kvdefinekeys.sty
Package: kvdefinekeys 2019-12-19 v1.6 Define keys (HO)
)
(D:\MikTex\tex/generic/pdfescape\pdfescape.sty
Package: pdfescape 2019/12/09 v1.15 Implements pdfTeX's escape features (HO)

(D:\MikTex\tex/generic/ltxcmds\ltxcmds.sty
Package: ltxcmds 2023-12-04 v1.26 LaTeX kernel commands for general use (HO)
)
(D:\MikTex\tex/generic/pdftexcmds\pdftexcmds.sty
Package: pdftexcmds 2020-06-27 v0.33 Utility functions of pdfTeX for LuaTeX (HO
)

(D:\MikTex\tex/generic/infwarerr\infwarerr.sty
Package: infwarerr 2019/12/03 v1.5 Providing info/warning/error messages (HO)
)
Package pdftexcmds Info: \pdf@primitive is available.
Package pdftexcmds Info: \pdf@ifprimitive is available.
Package pdftexcmds Info: \pdfdraftmode found.
))
(D:\MikTex\tex/latex/hycolor\hycolor.sty
Package: hycolor 2020-01-27 v1.10 Color options for hyperref/bookmark (HO)
)
(D:\MikTex\tex/latex/hyperref\nameref.sty
Package: nameref 2026-01-29 v2.58 Cross-referencing by name of section

(D:\MikTex\tex/latex/refcount\refcount.sty
Package: refcount 2019/12/15 v3.6 Data extraction from label references (HO)
)
(D:\MikTex\tex/generic/gettitlestring\gettitlestring.sty
Package: gettitlestring 2019/12/15 v1.6 Cleanup title references (HO)

(D:\MikTex\tex/latex/kvoptions\kvoptions.sty
Package: kvoptions 2022-06-15 v3.15 Key value format for package options (HO)
))
\c@section@level=\count327
)
(D:\MikTex\tex/latex/etoolbox\etoolbox.sty
Package: etoolbox 2025/10/02 v2.5m e-TeX tools for LaTeX (JAW)
\etb@tempcnta=\count328
)
(D:\MikTex\tex/generic/stringenc\stringenc.sty
Package: stringenc 2019/11/29 v1.12 Convert strings between diff. encodings (HO
)
)
\@linkdim=\dimen279
\Hy@linkcounter=\count329
\Hy@pagecounter=\count330

(D:\MikTex\tex/latex/hyperref\pd1enc.def
File: pd1enc.def 2026-04-24 v7.01q Hyperref: PDFDocEncoding definition (HO)
Now handling font encoding PD1 ...
... no UTF-8 mapping file for font encoding PD1
)
(D:\MikTex\tex/generic/intcalc\intcalc.sty
Package: intcalc 2019/12/15 v1.3 Expandable calculations with integers (HO)
)
\Hy@SavedSpaceFactor=\count331

(D:\MikTex\tex/latex/hyperref\puenc.def
File: puenc.def 2026-04-24 v7.01q Hyperref: PDF Unicode definition (HO)
Now handling font encoding PU ...
... no UTF-8 mapping file for font encoding PU
)
Package hyperref Info: Hyper figures OFF on input line 4199.
Package hyperref Info: Link nesting OFF on input line 4204.
Package hyperref Info: Hyper index ON on input line 4207.
Package hyperref Info: Plain pages OFF on input line 4214.
Package hyperref Info: Backreferencing OFF on input line 4219.
Package hyperref Info: Implicit mode ON; LaTeX internals redefined.
Package hyperref Info: Bookmarks ON on input line 4466.
\c@Hy@tempcnt=\count332
 (D:\MikTex\tex/latex/url\url.sty
\Urlmuskip=\muskip18
Package: url 2013/09/16  ver 3.4  Verb mode for urls, etc.
)
LaTeX Info: Redefining \url on input line 4805.
\XeTeXLinkMargin=\dimen280

(D:\MikTex\tex/generic/bitset\bitset.sty
Package: bitset 2019/12/09 v1.3 Handle bit-vector datatype (HO)

(D:\MikTex\tex/generic/bigintcalc\bigintcalc.sty
Package: bigintcalc 2019/12/15 v1.5 Expandable calculations on big integers (HO
)
))
\Fld@menulength=\count333
\Field@Width=\dimen281
\Fld@charsize=\dimen282
Package hyperref Info: Hyper figures OFF on input line 6091.
Package hyperref Info: Link nesting OFF on input line 6096.
Package hyperref Info: Hyper index ON on input line 6099.
Package hyperref Info: backreferencing OFF on input line 6106.
Package hyperref Info: Link coloring OFF on input line 6111.
Package hyperref Info: Link coloring with OCG OFF on input line 6116.
Package hyperref Info: PDF/A mode OFF on input line 6121.
\Hy@abspage=\count334
\c@Item=\count335
\c@Hfootnote=\count336
)
Package hyperref Info: Driver (autodetected): hpdftex.

(D:\MikTex\tex/latex/hyperref\hpdftex.def
File: hpdftex.def 2026-04-24 v7.01q Hyperref driver for pdfTeX
\Fld@listcount=\count337
\c@bookmark@seq@number=\count338

(D:\MikTex\tex/latex/rerunfilecheck\rerunfilecheck.sty
Package: rerunfilecheck 2025-06-21 v1.11 Rerun checks for auxiliary files (HO)

(D:\MikTex\tex/generic/uniquecounter\uniquecounter.sty
Package: uniquecounter 2019/12/15 v1.4 Provide unlimited unique counter (HO)
)
Package uniquecounter Info: New unique counter `rerunfilecheck' on input line 2
84.
)
\Hy@SectionHShift=\skip71
)
(D:\MikTex\tex/latex/listings\listings.sty
\lst@mode=\count339
\lst@gtempboxa=\box66
\lst@token=\toks41
\lst@length=\count340
\lst@currlwidth=\dimen283
\lst@column=\count341
\lst@pos=\count342
\lst@lostspace=\dimen284
\lst@width=\dimen285
\lst@newlines=\count343
\lst@lineno=\count344
\lst@maxwidth=\dimen286

(D:\MikTex\tex/latex/listings\lstpatch.sty
File: lstpatch.sty 2025/11/14 1.11b (Carsten Heinz)
)
(D:\MikTex\tex/latex/listings\lstmisc.sty
File: lstmisc.sty 2025/11/14 1.11b (Carsten Heinz)
\c@lstnumber=\count345
\lst@skipnumbers=\count346
\lst@framebox=\box67
)
(D:\MikTex\tex/latex/listings\listings.cfg
File: listings.cfg 2025/11/14 1.11b listings configuration
))
Package: listings 2025/11/14 1.11b (Carsten Heinz)

(D:\MikTex\tex/latex/seqsplit\seqsplit.sty
Package: seqsplit 2006/08/07 v0.1 Splitting long sequences (DNA, RNA, proteins,
 etc.) 
)
(D:\MikTex\tex/latex/float\float.sty
Package: float 2001/11/08 v1.3d Float enhancements (AL)
\c@float@type=\count347
\float@exts=\toks42
\float@box=\box68
\@float@everytoks=\toks43
\@floatcapt=\box69
) (D:\MikTex\tex/latex/tools\longtable.sty
Package: longtable 2026-01-28 v4.27 Multi-page Table package (DPC)
\LTleft=\skip72
\LTright=\skip73
\LTpre=\skip74
\LTpost=\skip75
\LTchunksize=\count348
\LTcapwidth=\dimen287
\LT@head=\box70
\LT@firsthead=\box71
\LT@foot=\box72
\LT@lastfoot=\box73
\LT@gbox=\box74
\LT@cols=\count349
\LT@rows=\count350
\c@LT@tables=\count351
\c@LT@chunks=\count352
\LT@p@ftn=\toks44
) (D:\MikTex\tex/latex/tools\indentfirst.sty
Package: indentfirst 2023/07/02 v1.03 Indent first paragraph (DPC)
)
(D:\MikTex\tex/latex/titlesec\titlesec.sty
Package: titlesec 2025/01/04 v2.17 Sectioning titles
\ttl@box=\box75
\beforetitleunit=\skip76
\aftertitleunit=\skip77
\ttl@plus=\dimen288
\ttl@minus=\dimen289
\ttl@toksa=\toks45
\titlewidth=\dimen290
\titlewidthlast=\dimen291
\titlewidthfirst=\dimen292
)
(D:\MikTex\tex/latex/ragged2e\ragged2e.sty
Package: ragged2e 2023/06/22 v3.6 ragged2e Package
\CenteringLeftskip=\skip78
\RaggedLeftLeftskip=\skip79
\RaggedRightLeftskip=\skip80
\CenteringRightskip=\skip81
\RaggedLeftRightskip=\skip82
\RaggedRightRightskip=\skip83
\CenteringParfillskip=\skip84
\RaggedLeftParfillskip=\skip85
\RaggedRightParfillskip=\skip86
\JustifyingParfillskip=\skip87
\CenteringParindent=\skip88
\RaggedLeftParindent=\skip89
\RaggedRightParindent=\skip90
\JustifyingParindent=\skip91
)
(D:\MikTex\tex/latex/tools\array.sty
Package: array 2026/02/24 v2.7b Tabular extension package (FMi)
\col@sep=\dimen293
\ar@mcellbox=\box76
\extrarowheight=\dimen294
\NC@list=\toks46
\extratabsurround=\skip92
\backup@length=\skip93
\ar@cellbox=\box77
)
(D:\MikTex\tex/latex/booktabs\booktabs.sty
Package: booktabs 2020/01/12 v1.61803398 Publication quality tables
\heavyrulewidth=\dimen295
\lightrulewidth=\dimen296
\cmidrulewidth=\dimen297
\belowrulesep=\dimen298
\belowbottomsep=\dimen299
\aboverulesep=\dimen300
\abovetopsep=\dimen301
\cmidrulesep=\dimen302
\cmidrulekern=\dimen303
\defaultaddspace=\dimen304
\@cmidla=\count353
\@cmidlb=\count354
\@aboverulesep=\dimen305
\@belowrulesep=\dimen306
\@thisruleclass=\count355
\@lastruleclass=\count356
\@thisrulewidth=\dimen307
)
(D:\MikTex\tex/latex/adjustbox\adjustbox.sty
Package: adjustbox 2025/02/26 v1.3c Adjusting TeX boxes (trim, clip, ...)

(D:\MikTex\tex/latex/adjustbox\adjcalc.sty
Package: adjcalc 2012/05/16 v1.1 Provides advanced setlength with multiple back
-ends (calc, etex, pgfmath)
)
(D:\MikTex\tex/latex/adjustbox\trimclip.sty
Package: trimclip 2025/02/21 v1.2a Trim and clip general TeX material

(D:\MikTex\tex/latex/collectbox\collectbox.sty
Package: collectbox 2022/10/17 v0.4c Collect macro arguments as boxes
\collectedbox=\box78
)
\tc@llx=\dimen308
\tc@lly=\dimen309
\tc@urx=\dimen310
\tc@ury=\dimen311
Package trimclip Info: Using driver 'tc-pdftex.def'.

(D:\MikTex\tex/latex/adjustbox\tc-pdftex.def
File: tc-pdftex.def 2025/02/26 v2.3 Clipping driver for pdftex
))
\adjbox@Width=\dimen312
\adjbox@Height=\dimen313
\adjbox@Depth=\dimen314
\adjbox@Totalheight=\dimen315
\adjbox@pwidth=\dimen316
\adjbox@pheight=\dimen317
\adjbox@pdepth=\dimen318
\adjbox@ptotalheight=\dimen319

(D:\MikTex\tex/latex/ifoddpage\ifoddpage.sty
Package: ifoddpage 2022/10/18 v1.2 Conditionals for odd/even page detection
\c@checkoddpage=\count357
)
(D:\MikTex\tex/latex/varwidth\varwidth.sty
Package: varwidth 2009/03/30 ver 0.92;  Variable-width minipages
\@vwid@box=\box79
\sift@deathcycles=\count358
\@vwid@loff=\dimen320
\@vwid@roff=\dimen321
)
==> First Aid for varwidth.sty applied!
) (D:\MikTex\tex/latex/multirow\multirow.sty
Package: multirow 2024/11/12 v2.9 Span multiple rows of a table
\multirow@colwidth=\skip94
\multirow@cntb=\count359
\multirow@dima=\skip95
\bigstrutjot=\dimen322
)
(D:\MikTex\tex/latex/l3backend\l3backend-pdftex.def
File: l3backend-pdftex.def 2026-02-18 L3 backend support: PDF output (pdfTeX)
\l__color_backend_stack_int=\count360
)

LaTeX Warning: Unused global option(s):
    [letter].

(main.aux)
\openout1 = `main.aux'.

LaTeX Font Info:    Checking defaults for OML/cmm/m/it on input line 80.
LaTeX Font Info:    ... okay on input line 80.
LaTeX Font Info:    Checking defaults for OMS/cmsy/m/n on input line 80.
LaTeX Font Info:    ... okay on input line 80.
LaTeX Font Info:    Checking defaults for OT1/cmr/m/n on input line 80.
LaTeX Font Info:    ... okay on input line 80.
LaTeX Font Info:    Checking defaults for T1/cmr/m/n on input line 80.
LaTeX Font Info:    ... okay on input line 80.
LaTeX Font Info:    Checking defaults for TS1/cmr/m/n on input line 80.
LaTeX Font Info:    ... okay on input line 80.
LaTeX Font Info:    Checking defaults for OMX/cmex/m/n on input line 80.
LaTeX Font Info:    ... okay on input line 80.
LaTeX Font Info:    Checking defaults for U/cmr/m/n on input line 80.
LaTeX Font Info:    ... okay on input line 80.
LaTeX Font Info:    Checking defaults for PD1/pdf/m/n on input line 80.
LaTeX Font Info:    ... okay on input line 80.
LaTeX Font Info:    Checking defaults for PU/pdf/m/n on input line 80.
LaTeX Font Info:    ... okay on input line 80.

*geometry* driver: auto-detecting
*geometry* detected driver: pdftex
*geometry* verbose mode - [ preamble ] result:
* driver: pdftex
* paper: a4paper
* layout: <same size as paper>
* layoutoffset:(h,v)=(0.0pt,0.0pt)
* modes: 
* h-part:(L,W,R)=(85.35826pt, 441.01773pt, 71.13188pt)
* v-part:(T,H,B)=(71.13188pt, 702.78308pt, 71.13188pt)
* \paperwidth=597.50787pt
* \paperheight=845.04684pt
* \textwidth=441.01773pt
* \textheight=702.78308pt
* \oddsidemargin=13.08827pt
* \evensidemargin=13.08827pt
* \topmargin=-38.1381pt
* \headheight=12.0pt
* \headsep=25.0pt
* \topskip=12.0pt
* \footskip=30.0pt
* \marginparwidth=44.0pt
* \marginparsep=10.0pt
* \columnsep=10.0pt
* \skip\footins=10.8pt plus 4.0pt minus 2.0pt
* \hoffset=0.0pt
* \voffset=0.0pt
* \mag=1000
* \@twocolumnfalse
* \@twosidefalse
* \@mparswitchfalse
* \@reversemarginfalse
* (1in=72.27pt=25.4mm, 1cm=28.453pt)

(D:\MikTex\tex/context/base/mkii\supp-pdf.mkii
[Loading MPS to PDF converter (version 2006.09.02).]
\scratchcounter=\count361
\scratchdimen=\dimen323
\scratchbox=\box80
\nofMPsegments=\count362
\nofMParguments=\count363
\everyMPshowfont=\toks47
\MPscratchCnt=\count364
\MPscratchDim=\dimen324
\MPnumerator=\count365
\makeMPintoPDFobject=\count366
\everyMPtoPDFconversion=\toks48
) (D:\MikTex\tex/latex/epstopdf-pkg\epstopdf-base.sty
Package: epstopdf-base 2020-01-24 v2.11 Base part for package epstopdf
Package epstopdf-base Info: Redefining graphics rule for `.eps' on input line 4
85.

(D:\MikTex\tex/latex/00miktex\epstopdf-sys.cfg
File: epstopdf-sys.cfg 2021/03/18 v2.0 Configuration of epstopdf for MiKTeX
))

Package todonotes Warning: The length marginparwidth is less than 2cm and will 
most likely cause issues with the appearance of inserted todonotes. The issue c
an be solved by adding a line like \setlength {\marginparwidth }{2cm} prior to 
loading the todonotes package. on input line 80.

Package hyperref Info: Link coloring OFF on input line 80.
(main.out) (main.out)
\@outlinefile=\write4
\openout4 = `main.out'.

\c@lstlisting=\count367
<Lambang-ITS.png, id=198, 142.3719pt x 142.3719pt>
File: Lambang-ITS.png Graphic file (type png)
<use Lambang-ITS.png>
Package pdftex.def Info: Lambang-ITS.png  used on input line 93.
(pdftex.def)             Requested size: 220.50887pt x 220.52641pt.
LaTeX Font Info:    Trying to load font information for U+msa on input line 96.

 (D:\MikTex\tex/latex/amsfonts\umsa.fd
File: umsa.fd 2013/01/14 v3.01 AMS symbols A
)
LaTeX Font Info:    Trying to load font information for U+msb on input line 96.


(D:\MikTex\tex/latex/amsfonts\umsb.fd
File: umsb.fd 2013/01/14 v3.01 AMS symbols B
) [1

{C:/Users/NITRO V15/AppData/Local/MiKTeX/fonts/map/pdftex/pdftex.map} <./Lamban
g-ITS.png>] (main.toc

Package fancyhdr Warning: \headheight is too small (12.0pt): 
(fancyhdr)                Make it at least 14.49998pt, for example:
(fancyhdr)                \setlength{\headheight}{14.49998pt}.
(fancyhdr)                You might also make \topmargin smaller:
(fancyhdr)                \addtolength{\topmargin}{-2.49998pt}.


pdfTeX warning (ext4): destination with the same identifier (name{page.1}) has 
been already used, duplicate ignored
<to be read again> 
                   \relax 
l.32 ...etPendapatanByStudio}}{22}{subsection.6.2}
                                                  % [1

])
\tf@toc=\write5
\openout5 = `main.toc'.

 (main.lot)
\tf@lot=\write6
\openout6 = `main.lot'.

 (main.lof

Package fancyhdr Warning: \headheight is too small (12.0pt): 
(fancyhdr)                Make it at least 14.49998pt, for example:
(fancyhdr)                \setlength{\headheight}{14.49998pt}.
(fancyhdr)                You might also make \topmargin smaller:
(fancyhdr)                \addtolength{\topmargin}{-2.49998pt}.

[2])
\tf@lof=\write7
\openout7 = `main.lof'.



Package fancyhdr Warning: \headheight is too small (12.0pt): 
(fancyhdr)                Make it at least 14.49998pt, for example:
(fancyhdr)                \setlength{\headheight}{14.49998pt}.
(fancyhdr)                You might also make \topmargin smaller:
(fancyhdr)                \addtolength{\topmargin}{-2.49998pt}.

[3]

Package fancyhdr Warning: \headheight is too small (12.0pt): 
(fancyhdr)                Make it at least 14.49998pt, for example:
(fancyhdr)                \setlength{\headheight}{14.49998pt}.
(fancyhdr)                You might also make \topmargin smaller:
(fancyhdr)                \addtolength{\topmargin}{-2.49998pt}.

[4

]

Package fancyhdr Warning: \headheight is too small (12.0pt): 
(fancyhdr)                Make it at least 14.49998pt, for example:
(fancyhdr)                \setlength{\headheight}{14.49998pt}.
(fancyhdr)                You might also make \topmargin smaller:
(fancyhdr)                \addtolength{\topmargin}{-2.49998pt}.

[5]
<tugas-fp/erd_fp_mbd_fiks.png, id=338, 1547.7825pt x 1512.65125pt>
File: tugas-fp/erd_fp_mbd_fiks.png Graphic file (type png)
<use tugas-fp/erd_fp_mbd_fiks.png>
Package pdftex.def Info: tugas-fp/erd_fp_mbd_fiks.png  used on input line 156.
(pdftex.def)             Requested size: 418.96548pt x 409.45995pt.


Package fancyhdr Warning: \headheight is too small (12.0pt): 
(fancyhdr)                Make it at least 14.49998pt, for example:
(fancyhdr)                \setlength{\headheight}{14.49998pt}.
(fancyhdr)                You might also make \topmargin smaller:
(fancyhdr)                \addtolength{\topmargin}{-2.49998pt}.

[6


pdfTeX warning (ext4): destination with the same identifier (name{figure.1}) ha
s been already used, duplicate ignored
<argument> ...shipout:D \box_use:N \l_shipout_box 
                                                  \__shipout_drop_firstpage_...
l.164 
       <./tugas-fp/erd_fp_mbd_fiks.png>]
<tugas-fp/cdm_fp_mbd_fiks.png, id=345, 1239.88219pt x 737.75626pt>
File: tugas-fp/cdm_fp_mbd_fiks.png Graphic file (type png)
<use tugas-fp/cdm_fp_mbd_fiks.png>
Package pdftex.def Info: tugas-fp/cdm_fp_mbd_fiks.png  used on input line 167.
(pdftex.def)             Requested size: 418.96548pt x 249.29156pt.
<tugas-fp/pdm_fp_mbd_fiks.png, id=346, 1244.39906pt x 861.9703pt>
File: tugas-fp/pdm_fp_mbd_fiks.png Graphic file (type png)
<use tugas-fp/pdm_fp_mbd_fiks.png>
Package pdftex.def Info: tugas-fp/pdm_fp_mbd_fiks.png  used on input line 178.
(pdftex.def)             Requested size: 418.96548pt x 290.21191pt.


Package fancyhdr Warning: \headheight is too small (12.0pt): 
(fancyhdr)                Make it at least 14.49998pt, for example:
(fancyhdr)                \setlength{\headheight}{14.49998pt}.
(fancyhdr)                You might also make \topmargin smaller:
(fancyhdr)                \addtolength{\topmargin}{-2.49998pt}.

[7
pdfTeX warning (ext4): destination with the same identifier (name{figure.2}) ha
s been already used, duplicate ignored
<argument> ...shipout:D \box_use:N \l_shipout_box 
                                                  \__shipout_drop_firstpage_...
l.182 
       <./tugas-fp/cdm_fp_mbd_fiks.png>]

Package fancyhdr Warning: \headheight is too small (12.0pt): 
(fancyhdr)                Make it at least 14.49998pt, for example:
(fancyhdr)                \setlength{\headheight}{14.49998pt}.
(fancyhdr)                You might also make \topmargin smaller:
(fancyhdr)                \addtolength{\topmargin}{-2.49998pt}.

[8
pdfTeX warning (ext4): destination with the same identifier (name{figure.3}) ha
s been already used, duplicate ignored
<argument> ...shipout:D \box_use:N \l_shipout_box 
                                                  \__shipout_drop_firstpage_...
l.183 \clearpage
                 <./tugas-fp/pdm_fp_mbd_fiks.png>]
Overfull \hbox (11.60304pt too wide) in alignment at lines 203--209
 [] [] [] [] [] 
 []


Overfull \hbox (11.60304pt too wide) in alignment at lines 209--213
 [] [] [] [] [] 
 []


Overfull \hbox (11.60304pt too wide) in alignment at lines 213--216
 [] [] [] [] [] 
 []


Overfull \hbox (11.60304pt too wide) in alignment at lines 216--218
 [] [] [] [] [] 
 []


Underfull \hbox (badness 10000) in paragraph at lines 219--219
[]|\OT1/cmtt/m/n/12 nama[]cabang, alamat,
 []


Underfull \hbox (badness 10000) in paragraph at lines 219--219
\OT1/cmtt/m/n/12 nomor[]telepon, email[]cabang
 []


Underfull \hbox (badness 4156) in paragraph at lines 219--219
\OT1/cmr/m/n/12 --- se-mua ber-gan-tung pe-nuh
 []


Underfull \hbox (badness 7326) in paragraph at lines 219--219
\OT1/cmr/m/n/12 pa-da \OT1/cmtt/m/n/12 id[]cabang\OT1/cmr/m/n/12 , ti-dak ada
 []


Underfull \hbox (badness 10000) in paragraph at lines 221--221
[]|\OT1/cmtt/m/n/12 nomor[]studio, kelas[]studio
 []


Underfull \hbox (badness 10000) in paragraph at lines 221--221
\OT1/cmr/m/n/12 --- ber-gan-tung pe-nuh
 []


Underfull \hbox (badness 10000) in paragraph at lines 221--221
\OT1/cmr/m/n/12 pa-da \OT1/cmtt/m/n/12 id[]studio\OT1/cmr/m/n/12 . FK
 []


Underfull \hbox (badness 10000) in paragraph at lines 221--221
\OT1/cmtt/m/n/12 cabang[]id[]cabang \OT1/cmr/m/n/12 me-ru-
 []


Underfull \hbox (badness 10000) in paragraph at lines 223--223
[]|\OT1/cmtt/m/n/12 nomor[]kursi, baris, kolom,
 []


Underfull \hbox (badness 10000) in paragraph at lines 223--223
\OT1/cmtt/m/n/12 tipe[]kursi, tarif[]tipe \OT1/cmr/m/n/12 ---
 []


Underfull \hbox (badness 10000) in paragraph at lines 225--225
[]|\OT1/cmtt/m/n/12 waktu[]tayang, harga[]dasar
 []


Underfull \hbox (badness 10000) in paragraph at lines 227--227
[]|\OT1/cmtt/m/n/12 judul, durasi, sinopsis,
 []


Underfull \hbox (badness 10000) in paragraph at lines 227--227
\OT1/cmtt/m/n/12 rating[]usia, sutradara,
 []


Underfull \hbox (badness 10000) in paragraph at lines 227--227
\OT1/cmtt/m/n/12 status[]tayang \OT1/cmr/m/n/12 --- se-mua
 []


Underfull \hbox (badness 10000) in paragraph at lines 227--227
\OT1/cmr/m/n/12 ber-gan-tung pe-nuh pa-da
 []


Underfull \hbox (badness 2521) in paragraph at lines 227--227
\OT1/cmtt/m/n/12 id[]film\OT1/cmr/m/n/12 . Ge-nre di-pi-sah ke
 []


Underfull \hbox (badness 10000) in paragraph at lines 237--237
[]|\OT1/cmtt/m/n/12 nama[]pelanggan,
 []


Underfull \hbox (badness 10000) in paragraph at lines 237--237
\OT1/cmtt/m/n/12 no[]telp[]pelanggan,
 []


Underfull \hbox (badness 10000) in paragraph at lines 237--237
\OT1/cmtt/m/n/12 email[]pelanggan \OT1/cmr/m/n/12 --- se-
 []


Underfull \hbox (badness 2495) in paragraph at lines 237--237
\OT1/cmr/m/n/12 mua ber-gan-tung pe-nuh pa-da
 []


Underfull \hbox (badness 10000) in paragraph at lines 239--239
[]|\OT1/cmtt/m/n/12 nama[]pegawai,
 []


Underfull \hbox (badness 10000) in paragraph at lines 239--239
\OT1/cmtt/m/n/12 nomor[]telepon,
 []


Underfull \hbox (badness 10000) in paragraph at lines 239--239
\OT1/cmtt/m/n/12 email[]pegawai \OT1/cmr/m/n/12 --- se-mua
 []


Underfull \hbox (badness 10000) in paragraph at lines 239--239
\OT1/cmr/m/n/12 ber-gan-tung pe-nuh pa-da
 []


Underfull \hbox (badness 10000) in paragraph at lines 241--241
[]|\OT1/cmtt/m/n/12 nama[]shift, waktu[]mulai,
 []


Underfull \hbox (badness 1132) in paragraph at lines 241--241
\OT1/cmtt/m/n/12 waktu[]selesai \OT1/cmr/m/n/12 --- ber-gan-tung
 []


Overfull \hbox (14.28241pt too wide) in paragraph at lines 243--243
[]|\OT1/cmtt/m/n/12 pegawai[]id[]pegawai, 
 []


Underfull \hbox (badness 10000) in paragraph at lines 245--245
[]|\OT1/cmtt/m/n/12 metode[]pembayaran,
 []


Underfull \hbox (badness 10000) in paragraph at lines 245--245
\OT1/cmtt/m/n/12 status[]pembayaran \OT1/cmr/m/n/12 ---
 []


Underfull \hbox (badness 10000) in paragraph at lines 245--245
\OT1/cmr/m/n/12 ber-gan-tung pe-nuh pa-da
 []


Underfull \hbox (badness 10000) in paragraph at lines 247--247
[]|\OT1/cmtt/m/n/12 tanggal[]transaksi,
 []


Underfull \hbox (badness 1132) in paragraph at lines 247--247
\OT1/cmtt/m/n/12 total[]tagihan \OT1/cmr/m/n/12 --- ber-gan-tung
 []


Underfull \hbox (badness 10000) in paragraph at lines 247--247
\OT1/cmr/m/n/12 pe-nuh pa-da \OT1/cmtt/m/n/12 id[]transaksi\OT1/cmr/m/n/12 .
 []


Underfull \hbox (badness 10000) in paragraph at lines 249--249
[]|\OT1/cmtt/m/n/12 nama[]produk, stok,
 []


Underfull \hbox (badness 10000) in paragraph at lines 249--249
\OT1/cmtt/m/n/12 harga[]satuan \OT1/cmr/m/n/12 --- ber-gan-
 []


Underfull \hbox (badness 2221) in paragraph at lines 249--249
\OT1/cmr/m/n/12 tung pe-nuh pa-da \OT1/cmtt/m/n/12 id[]produk\OT1/cmr/m/n/12 .
 []


Underfull \hbox (badness 10000) in paragraph at lines 249--249
\OT1/cmr/m/n/12 Ka-te-go-ri di-pi-sah ke en-ti-tas
 []


Underfull \hbox (badness 4353) in paragraph at lines 249--249
\OT1/cmtt/m/n/12 kategori \OT1/cmr/m/n/12 un-tuk meng-hin-da-ri
 []


Underfull \hbox (badness 1132) in paragraph at lines 251--251
[]|\OT1/cmtt/m/n/12 nama[]kategori \OT1/cmr/m/n/12 --- ber-gan-tung
 []


Overfull \hbox (11.60304pt too wide) in alignment at lines 218--254
 [] [] [] [] [] 
 []


Package fancyhdr Warning: \headheight is too small (12.0pt): 
(fancyhdr)                Make it at least 14.49998pt, for example:
(fancyhdr)                \setlength{\headheight}{14.49998pt}.
(fancyhdr)                You might also make \topmargin smaller:
(fancyhdr)                \addtolength{\topmargin}{-2.49998pt}.

[9

]

Package fancyhdr Warning: \headheight is too small (12.0pt): 
(fancyhdr)                Make it at least 14.49998pt, for example:
(fancyhdr)                \setlength{\headheight}{14.49998pt}.
(fancyhdr)                You might also make \topmargin smaller:
(fancyhdr)                \addtolength{\topmargin}{-2.49998pt}.

[10]
LaTeX Font Info:    Font shape `OT1/cmtt/bx/n' in size <12> not available
(Font)              Font shape `OT1/cmtt/m/n' tried instead on input line 260.


Package fancyhdr Warning: \headheight is too small (12.0pt): 
(fancyhdr)                Make it at least 14.49998pt, for example:
(fancyhdr)                \setlength{\headheight}{14.49998pt}.
(fancyhdr)                You might also make \topmargin smaller:
(fancyhdr)                \addtolength{\topmargin}{-2.49998pt}.

[11]
Overfull \hbox (19.91397pt too wide) in paragraph at lines 270--271
\OT1/cmr/m/n/12 di-la-kuk-an un-tuk men-ja-ga in-te-gri-tas da-ta his-to-ris --
- apa-bi-la \OT1/cmtt/m/n/12 tarif[]tipe \OT1/cmr/m/n/12 atau \OT1/cmtt/m/n/12 
harga[]satuan
 []


Package fancyhdr Warning: \headheight is too small (12.0pt): 
(fancyhdr)                Make it at least 14.49998pt, for example:
(fancyhdr)                \setlength{\headheight}{14.49998pt}.
(fancyhdr)                You might also make \topmargin smaller:
(fancyhdr)                \addtolength{\topmargin}{-2.49998pt}.

[12]

Package fancyhdr Warning: \headheight is too small (12.0pt): 
(fancyhdr)                Make it at least 14.49998pt, for example:
(fancyhdr)                \setlength{\headheight}{14.49998pt}.
(fancyhdr)                You might also make \topmargin smaller:
(fancyhdr)                \addtolength{\topmargin}{-2.49998pt}.

[13

]

Package fancyhdr Warning: \headheight is too small (12.0pt): 
(fancyhdr)                Make it at least 14.49998pt, for example:
(fancyhdr)                \setlength{\headheight}{14.49998pt}.
(fancyhdr)                You might also make \topmargin smaller:
(fancyhdr)                \addtolength{\topmargin}{-2.49998pt}.

[14

]
Underfull \hbox (badness 10000) in paragraph at lines 322--322
[]|\OT1/cmr/m/n/12 Menampilkan
 []


Underfull \hbox (badness 2173) in paragraph at lines 322--322
\OT1/cmr/m/n/12 daf-tar film be-
 []


Underfull \hbox (badness 4060) in paragraph at lines 323--323
[]|\OT1/cmr/m/n/12 Tim pro-mo-si mem-bu-tuhk-an
 []


Underfull \hbox (badness 10000) in paragraph at lines 324--325
[]|$\OML/cmm/m/it/12 ^^Y[][]^^[[]\OT1/cmr/m/n/12 ([]) \OML/cmm/m/it/12 .[]/
 []


Underfull \hbox (badness 10000) in paragraph at lines 326--326
[]|\OT1/cmr/m/n/12 Menampilkan
 []


Underfull \hbox (badness 10000) in paragraph at lines 326--326
\OT1/cmr/m/n/12 ja-dwal ta-yang
 []


Underfull \hbox (badness 2401) in paragraph at lines 326--326
\OT1/cmr/m/n/12 leng-kap be-ser-ta
 []


Underfull \hbox (badness 10000) in paragraph at lines 328--329
[]|$\OML/cmm/m/it/12 ^^Y[][][] .[]/
 []


Underfull \hbox (badness 10000) in paragraph at lines 330--330
[]|\OT1/cmr/m/n/12 Menampilkan
 []


Underfull \hbox (badness 10000) in paragraph at lines 330--330
\OT1/cmr/m/n/12 tran-sak-si de-
 []


Underfull \hbox (badness 10000) in paragraph at lines 330--330
\OT1/cmr/m/n/12 ngan to-tal
 []


Overfull \hbox (2.69223pt too wide) in paragraph at lines 332--333
[]|$\OML/cmm/m/it/12 ^^Y[][]^^[[]\OT1/cmr/m/n/12 ([]) \OML/cmm/m/it/12 .[]/
 []


Underfull \hbox (badness 10000) in paragraph at lines 334--334
[]|\OT1/cmr/m/n/12 Menampilkan
 []


Underfull \hbox (badness 10000) in paragraph at lines 334--334
\OT1/cmr/m/n/12 pro-duk kan-tin
 []


Underfull \hbox (badness 2368) in paragraph at lines 335--335
[]|\OT1/cmr/m/n/12 Manajer kan-tin me-mer-luk-an
 []


Underfull \hbox (badness 2173) in paragraph at lines 335--335
\OT1/cmr/m/n/12 la-por-an pro-duk pa-ling la-ris
 []


Underfull \hbox (badness 10000) in paragraph at lines 338--338
[]|\OT1/cmr/m/n/12 Menampilkan
 []


Underfull \hbox (badness 2088) in paragraph at lines 338--338
\OT1/cmr/m/n/12 pe-langg-an yang
 []


Underfull \hbox (badness 10000) in paragraph at lines 338--338
\OT1/cmr/m/n/12 be-lum per-nah
 []


Underfull \hbox (badness 10000) in paragraph at lines 338--338
\OT1/cmr/m/n/12 me-la-kuk-an
 []


Underfull \hbox (badness 4543) in paragraph at lines 339--339
[]|\OT1/cmr/m/n/12 Tim lo-ya-li-tas ingin meng-i-
 []


Underfull \hbox (badness 10000) in paragraph at lines 340--341
[]|$\OML/cmm/m/it/12 ^^Y[]\OT1/cmr/m/n/12 ([])  \OMS/cmsy/m/n/12 ^^@
 []


Package fancyhdr Warning: \headheight is too small (12.0pt): 
(fancyhdr)                Make it at least 14.49998pt, for example:
(fancyhdr)                \setlength{\headheight}{14.49998pt}.
(fancyhdr)                You might also make \topmargin smaller:
(fancyhdr)                \addtolength{\topmargin}{-2.49998pt}.

[15

]
Overfull \hbox (3.31592pt too wide) in paragraph at lines 345--345
|[]\OT1/cmr/bx/n/14.4 Kasus 1: Me-nam-pilk-an Film \OT1/cmr/bx/it/14.4 Now Sho-
wing \OT1/cmr/bx/n/14.4 Be-ser-ta Genre-
 []

(D:\MikTex\tex/latex/listings\lstlang1.sty
File: lstlang1.sty 2025/11/14 1.11b listings language file
)
Package hyperref Info: bookmark level for unknown lstlisting defaults to 0 on i
nput line 349.
LaTeX Font Info:    Font shape `OT1/cmtt/bx/n' in size <10> not available
(Font)              Font shape `OT1/cmtt/m/n' tried instead on input line 350.
<query/output1.jpeg, id=398, 376.40625pt x 451.6875pt>
File: query/output1.jpeg Graphic file (type jpg)
<use query/output1.jpeg>
Package pdftex.def Info: query/output1.jpeg  used on input line 363.
(pdftex.def)             Requested size: 374.86775pt x 449.87373pt.


Package fancyhdr Warning: \headheight is too small (12.0pt): 
(fancyhdr)                Make it at least 14.49998pt, for example:
(fancyhdr)                \setlength{\headheight}{14.49998pt}.
(fancyhdr)                You might also make \topmargin smaller:
(fancyhdr)                \addtolength{\topmargin}{-2.49998pt}.

[16

]

Package fancyhdr Warning: \headheight is too small (12.0pt): 
(fancyhdr)                Make it at least 14.49998pt, for example:
(fancyhdr)                \setlength{\headheight}{14.49998pt}.
(fancyhdr)                You might also make \topmargin smaller:
(fancyhdr)                \addtolength{\topmargin}{-2.49998pt}.

[17
pdfTeX warning (ext4): destination with the same identifier (name{figure.4}) ha
s been already used, duplicate ignored
<argument> ...shipout:D \box_use:N \l_shipout_box 
                                                  \__shipout_drop_firstpage_...
l.384 ORDER 
            BY jt.waktu_tayang; <./query/output1.jpeg>]
<query/output2.jpeg, id=430, 712.6625pt x 432.61626pt>
File: query/output2.jpeg Graphic file (type jpg)
<use query/output2.jpeg>
Package pdftex.def Info: query/output2.jpeg  used on input line 389.
(pdftex.def)             Requested size: 374.86775pt x 227.55602pt.

Overfull \hbox (5.1603pt too wide) in paragraph at lines 396--397
\OT1/cmr/m/n/12 langg-an pre-mi-um. \OT1/cmr/m/it/12 Qu-ery \OT1/cmr/m/n/12 men
g-gu-nak-an ope-ra-si \OT1/cmr/m/it/12 se-le-ction \OT1/cmr/m/n/12 de-ngan kon-
di-si \OT1/cmtt/m/n/12 total[]tagihan
 []

<query/output3.jpeg, id=431, 603.25375pt x 173.64874pt>
File: query/output3.jpeg Graphic file (type jpg)
<use query/output3.jpeg>
Package pdftex.def Info: query/output3.jpeg  used on input line 414.
(pdftex.def)             Requested size: 374.86775pt x 107.90486pt.

Package fancyhdr Warning: \headheight is too small (12.0pt): 
(fancyhdr)                Make it at least 14.49998pt, for example:
(fancyhdr)                \setlength{\headheight}{14.49998pt}.
(fancyhdr)                You might also make \topmargin smaller:
(fancyhdr)                \addtolength{\topmargin}{-2.49998pt}.

[18
pdfTeX warning (ext4): destination with the same identifier (name{figure.5}) ha
s been already used, duplicate ignored
<argument> ...shipout:D \box_use:N \l_shipout_box 
                                                  \__shipout_drop_firstpage_...
l.418 
       <./query/output2.jpeg>]
<query/output4.jpeg, id=451, 523.9575pt x 291.0875pt>
File: query/output4.jpeg Graphic file (type jpg)
<use query/output4.jpeg>
Package pdftex.def Info: query/output4.jpeg  used on input line 439.
(pdftex.def)             Requested size: 374.86775pt x 208.26366pt.


Package fancyhdr Warning: \headheight is too small (12.0pt): 
(fancyhdr)                Make it at least 14.49998pt, for example:
(fancyhdr)                \setlength{\headheight}{14.49998pt}.
(fancyhdr)                You might also make \topmargin smaller:
(fancyhdr)                \addtolength{\topmargin}{-2.49998pt}.

[19
pdfTeX warning (ext4): destination with the same identifier (name{figure.6}) ha
s been already used, duplicate ignored
<argument> ...shipout:D \box_use:N \l_shipout_box 
                                                  \__shipout_drop_firstpage_...
l.447 
      
pdfTeX warning (ext4): destination with the same identifier (name{figure.7}) ha
s been already used, duplicate ignored
<argument> ...shipout:D \box_use:N \l_shipout_box 
                                                  \__shipout_drop_firstpage_...
l.447 
       <./query/output3.jpeg> <./query/output4.jpeg>]
<query/output5.jpeg, id=468, 518.93875pt x 122.4575pt>
File: query/output5.jpeg Graphic file (type jpg)
<use query/output5.jpeg>
Package pdftex.def Info: query/output5.jpeg  used on input line 465.
(pdftex.def)             Requested size: 374.86775pt x 88.46454pt.


Package fancyhdr Warning: \headheight is too small (12.0pt): 
(fancyhdr)                Make it at least 14.49998pt, for example:
(fancyhdr)                \setlength{\headheight}{14.49998pt}.
(fancyhdr)                You might also make \topmargin smaller:
(fancyhdr)                \addtolength{\topmargin}{-2.49998pt}.

[20
pdfTeX warning (ext4): destination with the same identifier (name{figure.8}) ha
s been already used, duplicate ignored
<argument> ...shipout:D \box_use:N \l_shipout_box 
                                                  \__shipout_drop_firstpage_...
l.470 \clearpage
                 <./query/output5.jpeg>]
LaTeX Font Info:    Font shape `OT1/cmtt/bx/n' in size <14.4> not available
(Font)              Font shape `OT1/cmtt/m/n' tried instead on input line 479.
<function/output1.jpeg, id=486, 381.425pt x 422.57875pt>
File: function/output1.jpeg Graphic file (type jpg)
<use function/output1.jpeg>
Package pdftex.def Info: function/output1.jpeg  used on input line 514.
(pdftex.def)             Requested size: 264.61333pt x 293.1723pt.


Package fancyhdr Warning: \headheight is too small (12.0pt): 
(fancyhdr)                Make it at least 14.49998pt, for example:
(fancyhdr)                \setlength{\headheight}{14.49998pt}.
(fancyhdr)                You might also make \topmargin smaller:
(fancyhdr)                \addtolength{\topmargin}{-2.49998pt}.

[21

]

Package fancyhdr Warning: \headheight is too small (12.0pt): 
(fancyhdr)                Make it at least 14.49998pt, for example:
(fancyhdr)                \setlength{\headheight}{14.49998pt}.
(fancyhdr)                You might also make \topmargin smaller:
(fancyhdr)                \addtolength{\topmargin}{-2.49998pt}.

[22
pdfTeX warning (ext4): destination with the same identifier (name{figure.9}) ha
s been already used, duplicate ignored
<argument> ...shipout:D \box_use:N \l_shipout_box 
                                                  \__shipout_drop_firstpage_...
l.542 END$$
            <./function/output1.jpeg>]
<function/output2.jpeg, id=535, 537.00626pt x 429.605pt>
File: function/output2.jpeg Graphic file (type jpg)
<use function/output2.jpeg>
Package pdftex.def Info: function/output2.jpeg  used on input line 554.
(pdftex.def)             Requested size: 264.61333pt x 211.68823pt.


Package fancyhdr Warning: \headheight is too small (12.0pt): 
(fancyhdr)                Make it at least 14.49998pt, for example:
(fancyhdr)                \setlength{\headheight}{14.49998pt}.
(fancyhdr)                You might also make \topmargin smaller:
(fancyhdr)                \addtolength{\topmargin}{-2.49998pt}.

[23
pdfTeX warning (ext4): destination with the same identifier (name{figure.10}) h
as been already used, duplicate ignored
<argument> ...shipout:D \box_use:N \l_shipout_box 
                                                  \__shipout_drop_firstpage_...
l.575  
          SELECT f.durasi <./function/output2.jpeg>]
Overfull \hbox (22.096pt too wide) in paragraph at lines 605--606
\OT1/cmtt/m/n/12 NULL \OT1/cmr/m/n/12 ke-ti-ka ja-dwal ti-dak me-mi-li-ki film 
yang ter-daf-tar. Kla-u-sa \OT1/cmtt/m/n/12 ORDER BY jtf.film[]id[]film
 []

<function/output3.jpeg, id=555, 945.5325pt x 431.6125pt>
File: function/output3.jpeg Graphic file (type jpg)
<use function/output3.jpeg>
Package pdftex.def Info: function/output3.jpeg  used on input line 609.
(pdftex.def)             Requested size: 264.61333pt x 120.7914pt.

Package fancyhdr Warning: \headheight is too small (12.0pt): 
(fancyhdr)                Make it at least 14.49998pt, for example:
(fancyhdr)                \setlength{\headheight}{14.49998pt}.
(fancyhdr)                You might also make \topmargin smaller:
(fancyhdr)                \addtolength{\topmargin}{-2.49998pt}.

[24
pdfTeX warning (ext4): destination with the same identifier (name{figure.11}) h
as been already used, duplicate ignored
<argument> ...shipout:D \box_use:N \l_shipout_box 
                                                  \__shipout_drop_firstpage_...
l.614 \clearpage
                 <./function/output3.jpeg>]
<procedure_image/before_inflasi.png, id=591, 496.85625pt x 145.29282pt>
File: procedure_image/before_inflasi.png Graphic file (type png)
<use procedure_image/before_inflasi.png>
Package pdftex.def Info: procedure_image/before_inflasi.png  used on input line
 642.
(pdftex.def)             Requested size: 264.61333pt x 77.37949pt.
<procedure_image/before_inflasi(2).png, id=592, 489.32813pt x 157.33781pt>
File: procedure_image/before_inflasi(2).png Graphic file (type png)
<use procedure_image/before_inflasi(2).png>
Package pdftex.def Info: procedure_image/before_inflasi(2).png  used on input l
ine 649.
(pdftex.def)             Requested size: 264.61333pt x 85.08359pt.
<procedure_image/ticket_after.png, id=593, 494.59781pt x 178.41656pt>
File: procedure_image/ticket_after.png Graphic file (type png)
<use procedure_image/ticket_after.png>
Package pdftex.def Info: procedure_image/ticket_after.png  used on input line 6
56.
(pdftex.def)             Requested size: 264.61333pt x 95.45326pt.


Package fancyhdr Warning: \headheight is too small (12.0pt): 
(fancyhdr)                Make it at least 14.49998pt, for example:
(fancyhdr)                \setlength{\headheight}{14.49998pt}.
(fancyhdr)                You might also make \topmargin smaller:
(fancyhdr)                \addtolength{\topmargin}{-2.49998pt}.

[25


pdfTeX warning (ext4): destination with the same identifier (name{figure.12}) h
as been already used, duplicate ignored
<argument> ...shipout:D \box_use:N \l_shipout_box 
                                                  \__shipout_drop_firstpage_...
l.660 
      
pdfTeX warning (ext4): destination with the same identifier (name{figure.13}) h
as been already used, duplicate ignored
<argument> ...shipout:D \box_use:N \l_shipout_box 
                                                  \__shipout_drop_firstpage_...
l.660 
       <./procedure_image/before_inflasi.png> <./procedure_image/before_inflasi
(2).png>]
<procedure_image/food_after.png, id=610, 467.49657pt x 154.32657pt>
File: procedure_image/food_after.png Graphic file (type png)
<use procedure_image/food_after.png>
Package pdftex.def Info: procedure_image/food_after.png  used on input line 663
.
(pdftex.def)             Requested size: 264.61333pt x 87.35713pt.


Package fancyhdr Warning: \headheight is too small (12.0pt): 
(fancyhdr)                Make it at least 14.49998pt, for example:
(fancyhdr)                \setlength{\headheight}{14.49998pt}.
(fancyhdr)                You might also make \topmargin smaller:
(fancyhdr)                \addtolength{\topmargin}{-2.49998pt}.

[26
pdfTeX warning (ext4): destination with the same identifier (name{figure.14}) h
as been already used, duplicate ignored
<argument> ...shipout:D \box_use:N \l_shipout_box 
                                                  \__shipout_drop_firstpage_...
l.700  
          INSERT INTO jadwal_tayang_film (jadwal_tayang_id_jadwal, film_id_f...

pdfTeX warning (ext4): destination with the same identifier (name{figure.15}) h
as been already used, duplicate ignored
<argument> ...shipout:D \box_use:N \l_shipout_box 
                                                  \__shipout_drop_firstpage_...
l.700  
          INSERT INTO jadwal_tayang_film (jadwal_tayang_id_jadwal, film_id_f...
 <./procedure_image/ticket_after.png> <./procedure_image/food_after.png>]
<procedure_image/Tambah_Jadwal.png, id=643, 570.63188pt x 283.81032pt>
File: procedure_image/Tambah_Jadwal.png Graphic file (type png)
<use procedure_image/Tambah_Jadwal.png>
Package pdftex.def Info: procedure_image/Tambah_Jadwal.png  used on input line 
712.
(pdftex.def)             Requested size: 264.61333pt x 131.60666pt.
<procedure_image/before_call_kasus 3.png, id=644, 218.31563pt x 96.36pt>
File: procedure_image/before_call_kasus 3.png Graphic file (type png)
<use procedure_image/before_call_kasus 3.png>
Package pdftex.def Info: procedure_image/before_call_kasus 3.png  used on input
 line 736.
(pdftex.def)             Requested size: 264.61333pt x 116.7959pt.


Package fancyhdr Warning: \headheight is too small (12.0pt): 
(fancyhdr)                Make it at least 14.49998pt, for example:
(fancyhdr)                \setlength{\headheight}{14.49998pt}.
(fancyhdr)                You might also make \topmargin smaller:
(fancyhdr)                \addtolength{\topmargin}{-2.49998pt}.

[27
pdfTeX warning (ext4): destination with the same identifier (name{figure.16}) h
as been already used, duplicate ignored
<argument> ...shipout:D \box_use:N \l_shipout_box 
                                                  \__shipout_drop_firstpage_...
l.740 
       <./procedure_image/Tambah_Jadwal.png>]
<procedure_image/after_call_kasus 3.png, id=667, 234.8775pt x 91.09032pt>
File: procedure_image/after_call_kasus 3.png Graphic file (type png)
<use procedure_image/after_call_kasus 3.png>
Package pdftex.def Info: procedure_image/after_call_kasus 3.png  used on input 
line 743.
(pdftex.def)             Requested size: 264.61333pt x 102.62227pt.


Package fancyhdr Warning: \headheight is too small (12.0pt): 
(fancyhdr)                Make it at least 14.49998pt, for example:
(fancyhdr)                \setlength{\headheight}{14.49998pt}.
(fancyhdr)                You might also make \topmargin smaller:
(fancyhdr)                \addtolength{\topmargin}{-2.49998pt}.

[28
pdfTeX warning (ext4): destination with the same identifier (name{figure.17}) h
as been already used, duplicate ignored
<argument> ...shipout:D \box_use:N \l_shipout_box 
                                                  \__shipout_drop_firstpage_...
l.765 \clearpage
                
pdfTeX warning (ext4): destination with the same identifier (name{figure.18}) h
as been already used, duplicate ignored
<argument> ...shipout:D \box_use:N \l_shipout_box 
                                                  \__shipout_drop_firstpage_...
l.765 \clearpage
                 <./procedure_image/before_call_kasus 3.png> <./procedure_image
/after_call_kasus 3.png>]
<trigger/kasus_1(1).png, id=674, 636.12656pt x 335.00156pt>
File: trigger/kasus_1(1).png Graphic file (type png)
<use trigger/kasus_1(1).png>
Package pdftex.def Info: trigger/kasus_1(1).png  used on input line 801.
(pdftex.def)             Requested size: 264.61333pt x 139.35019pt.
<trigger/kasus_1.png, id=675, 381.67593pt x 19.57312pt>
File: trigger/kasus_1.png Graphic file (type png)
<use trigger/kasus_1.png>
Package pdftex.def Info: trigger/kasus_1.png  used on input line 808.
(pdftex.def)             Requested size: 264.61333pt x 13.57056pt.


Package fancyhdr Warning: \headheight is too small (12.0pt): 
(fancyhdr)                Make it at least 14.49998pt, for example:
(fancyhdr)                \setlength{\headheight}{14.49998pt}.
(fancyhdr)                You might also make \topmargin smaller:
(fancyhdr)                \addtolength{\topmargin}{-2.49998pt}.

[29


pdfTeX warning (ext4): destination with the same identifier (name{figure.19}) h
as been already used, duplicate ignored
<argument> ...shipout:D \box_use:N \l_shipout_box 
                                                  \__shipout_drop_firstpage_...
l.812 
       <./trigger/kasus_1(1).png>]
<trigger/kasus_2.png, id=700, 262.73157pt x 111.41624pt>
File: trigger/kasus_2.png Graphic file (type png)
<use trigger/kasus_2.png>
Package pdftex.def Info: trigger/kasus_2.png  used on input line 844.
(pdftex.def)             Requested size: 264.61333pt x 112.2184pt.


Package fancyhdr Warning: \headheight is too small (12.0pt): 
(fancyhdr)                Make it at least 14.49998pt, for example:
(fancyhdr)                \setlength{\headheight}{14.49998pt}.
(fancyhdr)                You might also make \topmargin smaller:
(fancyhdr)                \addtolength{\topmargin}{-2.49998pt}.

[30
pdfTeX warning (ext4): destination with the same identifier (name{figure.20}) h
as been already used, duplicate ignored
<argument> ...shipout:D \box_use:N \l_shipout_box 
                                                  \__shipout_drop_firstpage_...
l.853 ...gurangan Stok Kantin}}, label={lst:trg3}]
                                                  
pdfTeX warning (ext4): destination with the same identifier (name{figure.21}) h
as been already used, duplicate ignored
<argument> ...shipout:D \box_use:N \l_shipout_box 
                                                  \__shipout_drop_firstpage_...
l.853 ...gurangan Stok Kantin}}, label={lst:trg3}]
                                                   <./trigger/kasus_1.png> <./t
rigger/kasus_2.png>]
<trigger/kasus_3(1).png, id=729, 411.78844pt x 137.7647pt>
File: trigger/kasus_3(1).png Graphic file (type png)
<use trigger/kasus_3(1).png>
Package pdftex.def Info: trigger/kasus_3(1).png  used on input line 870.
(pdftex.def)             Requested size: 264.61333pt x 88.52644pt.
<trigger/kasus_3.png, id=730, 390.70969pt x 136.25906pt>
File: trigger/kasus_3.png Graphic file (type png)
<use trigger/kasus_3.png>
Package pdftex.def Info: trigger/kasus_3.png  used on input line 877.
(pdftex.def)             Requested size: 264.61333pt x 92.28691pt.


Package fancyhdr Warning: \headheight is too small (12.0pt): 
(fancyhdr)                Make it at least 14.49998pt, for example:
(fancyhdr)                \setlength{\headheight}{14.49998pt}.
(fancyhdr)                You might also make \topmargin smaller:
(fancyhdr)                \addtolength{\topmargin}{-2.49998pt}.

[31
pdfTeX warning (ext4): destination with the same identifier (name{figure.22}) h
as been already used, duplicate ignored
<argument> ...shipout:D \box_use:N \l_shipout_box 
                                                  \__shipout_drop_firstpage_...
l.904 \clearpage
                
pdfTeX warning (ext4): destination with the same identifier (name{figure.23}) h
as been already used, duplicate ignored
<argument> ...shipout:D \box_use:N \l_shipout_box 
                                                  \__shipout_drop_firstpage_...
l.904 \clearpage
                 <./trigger/kasus_3(1).png> <./trigger/kasus_3.png>]
Underfull \hbox (badness 10000) in paragraph at lines 924--925
[]|\OT1/cmr/bx/n/12 Digunakan
 []


Underfull \hbox (badness 10000) in paragraph at lines 928--929
[]|\OT1/cmr/bx/n/12 Digunakan
 []


Overfull \hbox (7.41415pt too wide) in paragraph at lines 933--933
[]|\OT1/cmtt/m/n/12 status[]tayang| 
 []


Overfull \hbox (7.41415pt too wide) in paragraph at lines 937--937
[]|\OT1/cmtt/m/n/12 total[]tagihan| 
 []


Overfull \hbox (1.23915pt too wide) in paragraph at lines 939--939
[]|\OT1/cmtt/m/n/12 waktu[]tayang| 
 []


Underfull \hbox (badness 2600) in paragraph at lines 939--940
[]|\OT1/cmr/m/n/12 Query Ka-sus 2,
 []


Overfull \hbox (18.07837pt too wide) in paragraph at lines 945--946
[]\OT1/cmr/bx/n/12 Skenario: \OT1/cmr/m/n/12 Qu-ery Ka-sus 1 me-mfil-ter ta-bel
 \OT1/cmtt/m/n/12 film \OT1/cmr/m/n/12 de-ngan kon-di-si \OT1/cmtt/m/n/12 WHERE
 status[]tayang
 []

<index/output_idx1.png, id=748, 776.9025pt x 55.407pt>
File: index/output_idx1.png Graphic file (type png)
<use index/output_idx1.png>
Package pdftex.def Info: index/output_idx1.png  used on input line 962.
(pdftex.def)             Requested size: 441.01773pt x 31.45294pt.

Package fancyhdr Warning: \headheight is too small (12.0pt): 
(fancyhdr)                Make it at least 14.49998pt, for example:
(fancyhdr)                \setlength{\headheight}{14.49998pt}.
(fancyhdr)                You might also make \topmargin smaller:
(fancyhdr)                \addtolength{\topmargin}{-2.49998pt}.

[32


pdfTeX warning (ext4): destination with the same identifier (name{figure.24}) h
as been already used, duplicate ignored
<argument> ...shipout:D \box_use:N \l_shipout_box 
                                                  \__shipout_drop_firstpage_...
l.970 
       <./index/output_idx1.png>]
<index/output_idx2.png, id=765, 769.37437pt x 96.36pt>
File: index/output_idx2.png Graphic file (type png)
<use index/output_idx2.png>
Package pdftex.def Info: index/output_idx2.png  used on input line 985.
(pdftex.def)             Requested size: 441.01773pt x 55.236pt.

Overfull \hbox (11.03809pt too wide) in paragraph at lines 992--993
\OT1/cmtt/m/n/12 total[]tagihan > 200000 \OT1/cmr/m/n/12 un-tuk ana-li-sis tran
-sak-si ber-ni-lai ting-gi. Ko-lom \OT1/cmtt/m/n/12 total[]tagihan
 []

<index/output_idx3.png, id=766, 1184.17406pt x 89.58469pt>
File: index/output_idx3.png Graphic file (type png)
<use index/output_idx3.png>
Package pdftex.def Info: index/output_idx3.png  used on input line 1010.
(pdftex.def)             Requested size: 441.01773pt x 33.36314pt.

Package fancyhdr Warning: \headheight is too small (12.0pt): 
(fancyhdr)                Make it at least 14.49998pt, for example:
(fancyhdr)                \setlength{\headheight}{14.49998pt}.
(fancyhdr)                You might also make \topmargin smaller:
(fancyhdr)                \addtolength{\topmargin}{-2.49998pt}.

[33
pdfTeX warning (ext4): destination with the same identifier (name{figure.25}) h
as been already used, duplicate ignored
<argument> ...shipout:D \box_use:N \l_shipout_box 
                                                  \__shipout_drop_firstpage_...
l.1014 
        <./index/output_idx2.png>]
Overfull \hbox (47.49258pt too wide) in paragraph at lines 1017--1018
\OT1/cmr/m/n/12 (qu-ery ga-bung-an) ju-ga meng-gu-na-kan-nya pa-da \OT1/cmtt/m/
n/12 ORDER BY\OT1/cmr/m/n/12 , dan \OT1/cmr/m/it/12 Pro-ce-du-re \OT1/cmtt/m/n/
12 TambahJadwalMidnight
 []

<index/output_idx5.png, id=794, 834.11626pt x 121.20282pt>
File: index/output_idx5.png Graphic file (type png)
<use index/output_idx5.png>
Package pdftex.def Info: index/output_idx5.png  used on input line 1036.
(pdftex.def)             Requested size: 441.01773pt x 64.08368pt.

Package fancyhdr Warning: \headheight is too small (12.0pt): 
(fancyhdr)                Make it at least 14.49998pt, for example:
(fancyhdr)                \setlength{\headheight}{14.49998pt}.
(fancyhdr)                You might also make \topmargin smaller:
(fancyhdr)                \addtolength{\topmargin}{-2.49998pt}.

[34
pdfTeX warning (ext4): destination with the same identifier (name{figure.26}) h
as been already used, duplicate ignored
<argument> ...shipout:D \box_use:N \l_shipout_box 
                                                  \__shipout_drop_firstpage_...
l.1041 \clearpage
                 
pdfTeX warning (ext4): destination with the same identifier (name{figure.27}) h
as been already used, duplicate ignored
<argument> ...shipout:D \box_use:N \l_shipout_box 
                                                  \__shipout_drop_firstpage_...
l.1041 \clearpage
                  <./index/output_idx3.png> <./index/output_idx5.png>]

Package fancyhdr Warning: \headheight is too small (12.0pt): 
(fancyhdr)                Make it at least 14.49998pt, for example:
(fancyhdr)                \setlength{\headheight}{14.49998pt}.
(fancyhdr)                You might also make \topmargin smaller:
(fancyhdr)                \addtolength{\topmargin}{-2.49998pt}.

[35

] (main.aux)
 ***********
LaTeX2e <2026-06-01>
L3 programming layer <2026-05-26>
 ***********
Package rerunfilecheck Info: File `main.out' has not changed.
(rerunfilecheck)             Checksum: 8BD2F7300D5EEA1CEB83AA2E830E5014;10537.
 ) 
Here is how much of TeX's memory you used:
 27180 strings out of 467509
 482406 string characters out of 5425671
 1272345 words of memory out of 5000000
 55543 multiletter control sequences out of 15000+600000
 637832 words of font info for 77 fonts, out of 8000000 for 9000
 1141 hyphenation exceptions out of 8191
 99i,12n,108p,1217b,2175s stack positions out of 10000i,1000n,20000p,200000b,200000s
 <C:\Users\NITRO V15\AppData\Local\MiKTeX\fonts/pk/ljfour/jknappen/ec/dpi600\
tctt1000.pk> <C:\Users\NITRO V15\AppData\Local\MiKTeX\fonts/pk/ljfour/jknappen/
ec/dpi600\tcrm1200.pk><D:/MikTex/fonts/type1/public/amsfonts/cm/cmbx12.pfb><D:/
MikTex/fonts/type1/public/amsfonts/cm/cmbxti10.pfb><D:/MikTex/fonts/type1/publi
c/amsfonts/cm/cmex10.pfb><D:/MikTex/fonts/type1/public/amsfonts/cm/cmmi12.pfb><
D:/MikTex/fonts/type1/public/amsfonts/cm/cmmi8.pfb><D:/MikTex/fonts/type1/publi
c/amsfonts/cm/cmr12.pfb><D:/MikTex/fonts/type1/public/amsfonts/cm/cmr6.pfb><D:/
MikTex/fonts/type1/public/amsfonts/cm/cmr8.pfb><D:/MikTex/fonts/type1/public/am
sfonts/cm/cmsy10.pfb><D:/MikTex/fonts/type1/public/amsfonts/cm/cmti12.pfb><D:/M
ikTex/fonts/type1/public/amsfonts/cm/cmti8.pfb><D:/MikTex/fonts/type1/public/am
sfonts/cm/cmtt10.pfb><D:/MikTex/fonts/type1/public/amsfonts/cm/cmtt12.pfb><D:/M
ikTex/fonts/type1/public/amsfonts/cm/cmtt8.pfb><D:/MikTex/fonts/type1/public/am
sfonts/symbols/msam10.pfb>
Output written on main.pdf (36 pages, 3772608 bytes).
PDF statistics:
 980 PDF objects out of 1000 (max. 8388607)
 415 named destinations out of 1000 (max. 500000)
 537 words of extra memory for PDF output out of 10000 (max. 10000000)

